<?xml version="1.0" encoding="UTF-8"?>
<!-- Generated by org.testng.reporters.JUnitReportReporter -->
<testsuite skipped="0" hostname="RSI1538" name="br.com.rsinet.hub.tdd.Teste.TesteCadastrar" tests="2" failures="0" timestamp="2020-02-19T11:33:42 BRT" time="32.955" errors="0">
  <testcase name="cadastrarSucesso" time="17.239" classname="br.com.rsinet.hub.tdd.Teste.TesteCadastrar"/>
  <testcase name="cadastrarFalha" time="15.716" classname="br.com.rsinet.hub.tdd.Teste.TesteCadastrar"/>
</testsuite> <!-- br.com.rsinet.hub.tdd.Teste.TesteCadastrar -->
