<?xml version="1.0" encoding="UTF-8"?>
<!-- Generated by org.testng.reporters.JUnitReportReporter -->
<testsuite skipped="0" hostname="RSI1538" name="br.com.rsinet.HUB_TDD.teste.TesteBuscarLupaSucesso" tests="1" failures="0" timestamp="2020-01-17T15:47:59 BRT" time="17.294" errors="0">
  <testcase name="buscar" time="17.294" classname="br.com.rsinet.HUB_TDD.teste.TesteBuscarLupaSucesso"/>
</testsuite> <!-- br.com.rsinet.HUB_TDD.teste.TesteBuscarLupaSucesso -->
