<?xml version="1.0" encoding="UTF-8"?>
<!-- Generated by org.testng.reporters.JUnitReportReporter -->
<testsuite skipped="0" hostname="RSI1538" name="br.com.rsinet.HUB_TDD.teste.TesteCadastrarFalha" tests="1" failures="0" timestamp="2020-01-17T15:48:50 BRT" time="17.313" errors="0">
  <testcase name="cadastrar" time="17.313" classname="br.com.rsinet.HUB_TDD.teste.TesteCadastrarFalha"/>
</testsuite> <!-- br.com.rsinet.HUB_TDD.teste.TesteCadastrarFalha -->
