<?xml version="1.0" encoding="UTF-8"?>
<!-- Generated by org.testng.reporters.JUnitReportReporter -->
<testsuite skipped="0" hostname="RSI1538" name="br.com.rsinet.HUB_TDD.teste.TesteBuscarLupaSucesso" tests="1" failures="0" timestamp="2020-01-24T16:00:50 BRT" time="15.335" errors="0">
  <testcase name="buscarLupaSucesso" time="15.335" classname="br.com.rsinet.HUB_TDD.teste.TesteBuscarLupaSucesso"/>
</testsuite> <!-- br.com.rsinet.HUB_TDD.teste.TesteBuscarLupaSucesso -->
