<?xml version="1.0" encoding="UTF-8"?>
<!-- Generated by org.testng.reporters.JUnitReportReporter -->
<testsuite skipped="0" hostname="RSI1538" name="br.com.rsinet.HUB_TDD.teste.TesteCadastrarSucesso" tests="1" failures="0" timestamp="2020-01-24T16:00:50 BRT" time="18.148" errors="0">
  <testcase name="cadastrar" time="18.148" classname="br.com.rsinet.HUB_TDD.teste.TesteCadastrarSucesso"/>
</testsuite> <!-- br.com.rsinet.HUB_TDD.teste.TesteCadastrarSucesso -->
