<?xml version="1.0" encoding="UTF-8"?>
<!-- Generated by org.testng.reporters.JUnitReportReporter -->
<testsuite skipped="0" hostname="RSI1538" name="br.com.rsinet.HUB_TDD.teste.TesteBuscaSucesso" tests="1" failures="0" timestamp="2020-01-21T15:53:32 BRT" time="17.956" errors="0">
  <testcase name="executar" time="17.956" classname="br.com.rsinet.HUB_TDD.teste.TesteBuscaSucesso"/>
</testsuite> <!-- br.com.rsinet.HUB_TDD.teste.TesteBuscaSucesso -->
