<?xml version="1.0" encoding="UTF-8"?>
<!-- Generated by org.testng.reporters.JUnitReportReporter -->
<testsuite skipped="0" hostname="RSI1538" name="br.com.rsinet.HUB_TDD.teste.testeCadastrarSucesso" tests="1" failures="0" timestamp="2020-01-17T12:02:43 BRT" time="20.136" errors="0">
  <testcase name="cadastrar" time="20.136" classname="br.com.rsinet.HUB_TDD.teste.testeCadastrarSucesso"/>
</testsuite> <!-- br.com.rsinet.HUB_TDD.teste.testeCadastrarSucesso -->
