<?xml version="1.0" encoding="UTF-8"?>
<!-- Generated by org.testng.reporters.JUnitReportReporter -->
<testsuite skipped="0" hostname="RSI1538" name="br.com.rsinet.HUB_TDD.teste.TesteBuscaCliqueFalha" tests="1" failures="0" timestamp="2020-01-27T11:36:01 BRT" time="18.269" errors="0">
  <testcase name="BuscarCliqueFalha" time="18.269" classname="br.com.rsinet.HUB_TDD.teste.TesteBuscaCliqueFalha"/>
</testsuite> <!-- br.com.rsinet.HUB_TDD.teste.TesteBuscaCliqueFalha -->
