<?xml version="1.0" encoding="UTF-8"?>
<!-- Generated by org.testng.reporters.JUnitReportReporter -->
<testsuite skipped="0" hostname="RSI1538" name="br.com.rsinet.HUB_TDD.teste.TesteCadastrarFalha" tests="1" failures="0" timestamp="2020-01-27T14:15:48 BRT" time="15.377" errors="0">
  <testcase name="cadastrarFalha" time="15.377" classname="br.com.rsinet.HUB_TDD.teste.TesteCadastrarFalha"/>
</testsuite> <!-- br.com.rsinet.HUB_TDD.teste.TesteCadastrarFalha -->
