<?xml version="1.0" encoding="UTF-8"?>
<!-- Generated by org.testng.reporters.JUnitReportReporter -->
<testsuite skipped="0" hostname="RSI1538" name="br.com.rsinet.HUB_TDD.teste.TesteBuscaSucesso" tests="1" failures="0" timestamp="2020-01-24T11:04:47 BRT" time="16.157" errors="0">
  <testcase name="executar" time="16.157" classname="br.com.rsinet.HUB_TDD.teste.TesteBuscaSucesso"/>
</testsuite> <!-- br.com.rsinet.HUB_TDD.teste.TesteBuscaSucesso -->
