<?xml version="1.0" encoding="UTF-8"?>
<!-- Generated by org.testng.reporters.JUnitReportReporter -->
<testsuite skipped="0" hostname="RSI1538" name="br.com.rsinet.HUB_TDD.teste.TesteBuscarLupaSucesso" tests="1" failures="0" timestamp="2020-01-24T11:03:20 BRT" time="16.566" errors="0">
  <testcase name="buscar" time="16.566" classname="br.com.rsinet.HUB_TDD.teste.TesteBuscarLupaSucesso"/>
</testsuite> <!-- br.com.rsinet.HUB_TDD.teste.TesteBuscarLupaSucesso -->
