<?xml version="1.0" encoding="UTF-8"?>
<!-- Generated by org.testng.reporters.JUnitReportReporter -->
<testsuite skipped="0" hostname="RSI1538" name="br.com.rsinet.hub.tdd.Teste.TesteBuscaClique" tests="2" failures="0" timestamp="2020-02-19T11:46:57 BRT" time="32.822" errors="0">
  <testcase name="buscaCliqueSucesso" time="16.299" classname="br.com.rsinet.hub.tdd.Teste.TesteBuscaClique"/>
  <testcase name="BuscarCliqueFalha" time="16.523" classname="br.com.rsinet.hub.tdd.Teste.TesteBuscaClique"/>
</testsuite> <!-- br.com.rsinet.hub.tdd.Teste.TesteBuscaClique -->
