<?xml version="1.0" encoding="UTF-8"?>
<!-- Generated by org.testng.reporters.JUnitReportReporter -->
<testsuite skipped="0" hostname="RSI1538" name="br.com.rsinet.HUB_TDD.teste.testeBuscaSucesso" tests="1" failures="0" timestamp="2020-01-14T15:09:41 BRT" time="16.180" errors="0">
  <testcase name="executar" time="16.180" classname="br.com.rsinet.HUB_TDD.teste.testeBuscaSucesso"/>
</testsuite> <!-- br.com.rsinet.HUB_TDD.teste.testeBuscaSucesso -->
