<?xml version="1.0" encoding="UTF-8"?>
<!-- Generated by org.testng.reporters.JUnitReportReporter -->
<testsuite skipped="0" hostname="RSI1538" name="br.com.rsinet.HUB_TDD.teste.testeCadastrarFalha" tests="1" failures="0" timestamp="2020-01-15T14:13:28 BRT" time="18.236" errors="0">
  <testcase name="cadastrar" time="18.236" classname="br.com.rsinet.HUB_TDD.teste.testeCadastrarFalha"/>
</testsuite> <!-- br.com.rsinet.HUB_TDD.teste.testeCadastrarFalha -->
