<?xml version="1.0" encoding="UTF-8"?>
<!-- Generated by org.testng.reporters.JUnitReportReporter -->
<testsuite skipped="0" hostname="RSI1538" name="br.com.rsinet.hub.tdd.Teste.TesteBuscarLupa" tests="2" failures="0" timestamp="2020-02-19T11:42:09 BRT" time="33.670" errors="0">
  <testcase name="buscarLupaFalha" time="14.600" classname="br.com.rsinet.hub.tdd.Teste.TesteBuscarLupa"/>
  <testcase name="buscarLupaSucesso" time="19.070" classname="br.com.rsinet.hub.tdd.Teste.TesteBuscarLupa"/>
</testsuite> <!-- br.com.rsinet.hub.tdd.Teste.TesteBuscarLupa -->
