<?xml version="1.0" encoding="UTF-8"?>
<!-- Generated by org.testng.reporters.JUnitReportReporter -->
<testsuite skipped="0" hostname="RSI1538" name="br.com.rsinet.HUB_TDD.teste.TesteBuscarLupaFalha" tests="1" failures="0" timestamp="2020-01-24T11:02:12 BRT" time="15.233" errors="0">
  <testcase name="buscar" time="15.233" classname="br.com.rsinet.HUB_TDD.teste.TesteBuscarLupaFalha"/>
</testsuite> <!-- br.com.rsinet.HUB_TDD.teste.TesteBuscarLupaFalha -->
